2022-10-29 06:50:51.898  INFO 4592 --- [restartedMain] c.payroll.employee.EmployeeApplication   : Starting EmployeeApplication using Java 17.0.3 on DESKTOP-C9GRU2T with PID 4592 (E:\Spring boot project\employee\target\classes started by hp in E:\Spring boot project\employee)
2022-10-29 06:50:51.902  INFO 4592 --- [restartedMain] c.payroll.employee.EmployeeApplication   : No active profile set, falling back to 1 default profile: "default"
2022-10-29 06:50:51.978  INFO 4592 --- [restartedMain] .e.DevToolsPropertyDefaultsPostProcessor : Devtools property defaults active! Set 'spring.devtools.add-properties' to 'false' to disable
2022-10-29 06:50:51.979  INFO 4592 --- [restartedMain] .e.DevToolsPropertyDefaultsPostProcessor : For additional web related logging consider setting the 'logging.level.web' property to 'DEBUG'
2022-10-29 06:50:52.824  INFO 4592 --- [restartedMain] .s.d.r.c.RepositoryConfigurationDelegate : Bootstrapping Spring Data JPA repositories in DEFAULT mode.
2022-10-29 06:50:52.890  INFO 4592 --- [restartedMain] .s.d.r.c.RepositoryConfigurationDelegate : Finished Spring Data repository scanning in 50 ms. Found 1 JPA repository interfaces.
2022-10-29 06:50:53.683  INFO 4592 --- [restartedMain] o.s.b.w.embedded.tomcat.TomcatWebServer  : Tomcat initialized with port(s): 8080 (http)
2022-10-29 06:50:53.698  INFO 4592 --- [restartedMain] o.apache.catalina.core.StandardService   : Starting service [Tomcat]
2022-10-29 06:50:53.698  INFO 4592 --- [restartedMain] org.apache.catalina.core.StandardEngine  : Starting Servlet engine: [Apache Tomcat/9.0.68]
2022-10-29 06:50:53.806  INFO 4592 --- [restartedMain] o.a.c.c.C.[Tomcat].[localhost].[/]       : Initializing Spring embedded WebApplicationContext
2022-10-29 06:50:53.807  INFO 4592 --- [restartedMain] w.s.c.ServletWebServerApplicationContext : Root WebApplicationContext: initialization completed in 1816 ms
2022-10-29 06:50:53.985  INFO 4592 --- [restartedMain] o.hibernate.jpa.internal.util.LogHelper  : HHH000204: Processing PersistenceUnitInfo [name: default]
2022-10-29 06:50:54.047  INFO 4592 --- [restartedMain] org.hibernate.Version                    : HHH000412: Hibernate ORM core version 5.6.12.Final
2022-10-29 06:50:54.257  INFO 4592 --- [restartedMain] o.hibernate.annotations.common.Version   : HCANN000001: Hibernate Commons Annotations {5.1.2.Final}
2022-10-29 06:50:54.410  INFO 4592 --- [restartedMain] com.zaxxer.hikari.HikariDataSource       : HikariPool-1 - Starting...
2022-10-29 06:50:54.919  INFO 4592 --- [restartedMain] com.zaxxer.hikari.HikariDataSource       : HikariPool-1 - Start completed.
2022-10-29 06:50:54.984  INFO 4592 --- [restartedMain] org.hibernate.dialect.Dialect            : HHH000400: Using dialect: org.hibernate.dialect.MySQL8Dialect
2022-10-29 06:50:56.422  INFO 4592 --- [restartedMain] o.h.e.t.j.p.i.JtaPlatformInitiator       : HHH000490: Using JtaPlatform implementation: [org.hibernate.engine.transaction.jta.platform.internal.NoJtaPlatform]
2022-10-29 06:50:56.458  INFO 4592 --- [restartedMain] j.LocalContainerEntityManagerFactoryBean : Initialized JPA EntityManagerFactory for persistence unit 'default'
2022-10-29 06:50:56.952  WARN 4592 --- [restartedMain] JpaBaseConfiguration$JpaWebConfiguration : spring.jpa.open-in-view is enabled by default. Therefore, database queries may be performed during view rendering. Explicitly configure spring.jpa.open-in-view to disable this warning
2022-10-29 06:50:57.369  INFO 4592 --- [restartedMain] o.s.b.d.a.OptionalLiveReloadServer       : LiveReload server is running on port 35729
2022-10-29 06:50:57.464  INFO 4592 --- [restartedMain] o.s.b.w.embedded.tomcat.TomcatWebServer  : Tomcat started on port(s): 8080 (http) with context path ''
2022-10-29 06:50:57.479  INFO 4592 --- [restartedMain] c.payroll.employee.EmployeeApplication   : Started EmployeeApplication in 6.089 seconds (JVM running for 7.167)
2022-10-29 06:50:57.484  INFO 4592 --- [restartedMain] c.payroll.employee.EmployeeApplication   : Project started..
2022-10-29 06:52:59.988  INFO 4592 --- [File Watcher] rtingClassPathChangeChangedEventListener : Restarting due to 1 class path change (0 additions, 0 deletions, 1 modification)
2022-10-29 06:53:00.023  INFO 4592 --- [Thread-5] o.apache.catalina.core.StandardService   : Stopping service [Tomcat]
2022-10-29 06:53:00.041  INFO 4592 --- [Thread-5] j.LocalContainerEntityManagerFactoryBean : Closing JPA EntityManagerFactory for persistence unit 'default'
2022-10-29 06:53:00.048  INFO 4592 --- [Thread-5] com.zaxxer.hikari.HikariDataSource       : HikariPool-1 - Shutdown initiated...
2022-10-29 06:53:00.094  INFO 4592 --- [Thread-5] com.zaxxer.hikari.HikariDataSource       : HikariPool-1 - Shutdown completed.
2022-10-29 06:53:00.224  INFO 4592 --- [restartedMain] c.payroll.employee.EmployeeApplication   : Starting EmployeeApplication using Java 17.0.3 on DESKTOP-C9GRU2T with PID 4592 (E:\Spring boot project\employee\target\classes started by hp in E:\Spring boot project\employee)
2022-10-29 06:53:00.225  INFO 4592 --- [restartedMain] c.payroll.employee.EmployeeApplication   : No active profile set, falling back to 1 default profile: "default"
2022-10-29 06:53:00.430  INFO 4592 --- [restartedMain] .s.d.r.c.RepositoryConfigurationDelegate : Bootstrapping Spring Data JPA repositories in DEFAULT mode.
2022-10-29 06:53:00.442  INFO 4592 --- [restartedMain] .s.d.r.c.RepositoryConfigurationDelegate : Finished Spring Data repository scanning in 11 ms. Found 1 JPA repository interfaces.
2022-10-29 06:53:00.563  INFO 4592 --- [restartedMain] o.s.b.w.embedded.tomcat.TomcatWebServer  : Tomcat initialized with port(s): 8080 (http)
2022-10-29 06:53:00.564  INFO 4592 --- [restartedMain] o.apache.catalina.core.StandardService   : Starting service [Tomcat]
2022-10-29 06:53:00.565  INFO 4592 --- [restartedMain] org.apache.catalina.core.StandardEngine  : Starting Servlet engine: [Apache Tomcat/9.0.68]
2022-10-29 06:53:00.595  INFO 4592 --- [restartedMain] o.a.c.c.C.[Tomcat].[localhost].[/]       : Initializing Spring embedded WebApplicationContext
2022-10-29 06:53:00.596  INFO 4592 --- [restartedMain] w.s.c.ServletWebServerApplicationContext : Root WebApplicationContext: initialization completed in 367 ms
2022-10-29 06:53:00.647  INFO 4592 --- [restartedMain] o.hibernate.jpa.internal.util.LogHelper  : HHH000204: Processing PersistenceUnitInfo [name: default]
2022-10-29 06:53:00.656  INFO 4592 --- [restartedMain] com.zaxxer.hikari.HikariDataSource       : HikariPool-2 - Starting...
2022-10-29 06:53:00.679  INFO 4592 --- [restartedMain] com.zaxxer.hikari.HikariDataSource       : HikariPool-2 - Start completed.
2022-10-29 06:53:00.680  INFO 4592 --- [restartedMain] org.hibernate.dialect.Dialect            : HHH000400: Using dialect: org.hibernate.dialect.MySQL8Dialect
2022-10-29 06:53:00.988  INFO 4592 --- [restartedMain] o.h.e.t.j.p.i.JtaPlatformInitiator       : HHH000490: Using JtaPlatform implementation: [org.hibernate.engine.transaction.jta.platform.internal.NoJtaPlatform]
2022-10-29 06:53:00.990  INFO 4592 --- [restartedMain] j.LocalContainerEntityManagerFactoryBean : Initialized JPA EntityManagerFactory for persistence unit 'default'
2022-10-29 06:53:01.177  WARN 4592 --- [restartedMain] JpaBaseConfiguration$JpaWebConfiguration : spring.jpa.open-in-view is enabled by default. Therefore, database queries may be performed during view rendering. Explicitly configure spring.jpa.open-in-view to disable this warning
2022-10-29 06:53:01.376  INFO 4592 --- [restartedMain] o.s.b.d.a.OptionalLiveReloadServer       : LiveReload server is running on port 35729
2022-10-29 06:53:01.400  INFO 4592 --- [restartedMain] o.s.b.w.embedded.tomcat.TomcatWebServer  : Tomcat started on port(s): 8080 (http) with context path ''
2022-10-29 06:53:01.407  INFO 4592 --- [restartedMain] c.payroll.employee.EmployeeApplication   : Started EmployeeApplication in 1.241 seconds (JVM running for 131.096)
2022-10-29 06:53:01.410  INFO 4592 --- [restartedMain] .ConditionEvaluationDeltaLoggingListener : Condition evaluation unchanged
2022-10-29 06:53:01.411  INFO 4592 --- [restartedMain] c.payroll.employee.EmployeeApplication   : Project started..
2022-10-29 06:53:03.196  INFO 4592 --- [RMI TCP Connection(4)-127.0.0.1] inMXBeanRegistrar$SpringApplicationAdmin : Application shutdown requested.
2022-10-29 06:53:03.209  INFO 4592 --- [RMI TCP Connection(4)-127.0.0.1] o.apache.catalina.core.StandardService   : Stopping service [Tomcat]
2022-10-29 06:53:03.215  INFO 4592 --- [RMI TCP Connection(4)-127.0.0.1] j.LocalContainerEntityManagerFactoryBean : Closing JPA EntityManagerFactory for persistence unit 'default'
2022-10-29 06:53:03.216  INFO 4592 --- [RMI TCP Connection(4)-127.0.0.1] com.zaxxer.hikari.HikariDataSource       : HikariPool-2 - Shutdown initiated...
2022-10-29 06:53:03.226  INFO 4592 --- [RMI TCP Connection(4)-127.0.0.1] com.zaxxer.hikari.HikariDataSource       : HikariPool-2 - Shutdown completed.
2022-10-29 06:57:28.662  INFO 10684 --- [restartedMain] c.payroll.employee.EmployeeApplication   : Starting EmployeeApplication using Java 17.0.3 on DESKTOP-C9GRU2T with PID 10684 (E:\Spring boot project\employee\target\classes started by hp in E:\Spring boot project\employee)
2022-10-29 06:57:28.665  INFO 10684 --- [restartedMain] c.payroll.employee.EmployeeApplication   : No active profile set, falling back to 1 default profile: "default"
2022-10-29 06:57:28.736  INFO 10684 --- [restartedMain] .e.DevToolsPropertyDefaultsPostProcessor : Devtools property defaults active! Set 'spring.devtools.add-properties' to 'false' to disable
2022-10-29 06:57:28.738  INFO 10684 --- [restartedMain] .e.DevToolsPropertyDefaultsPostProcessor : For additional web related logging consider setting the 'logging.level.web' property to 'DEBUG'
2022-10-29 06:57:29.537  INFO 10684 --- [restartedMain] .s.d.r.c.RepositoryConfigurationDelegate : Bootstrapping Spring Data JPA repositories in DEFAULT mode.
2022-10-29 06:57:29.604  INFO 10684 --- [restartedMain] .s.d.r.c.RepositoryConfigurationDelegate : Finished Spring Data repository scanning in 52 ms. Found 1 JPA repository interfaces.
2022-10-29 06:57:30.555  INFO 10684 --- [restartedMain] o.s.b.w.embedded.tomcat.TomcatWebServer  : Tomcat initialized with port(s): 8080 (http)
2022-10-29 06:57:30.571  INFO 10684 --- [restartedMain] o.apache.catalina.core.StandardService   : Starting service [Tomcat]
2022-10-29 06:57:30.572  INFO 10684 --- [restartedMain] org.apache.catalina.core.StandardEngine  : Starting Servlet engine: [Apache Tomcat/9.0.68]
2022-10-29 06:57:30.690  INFO 10684 --- [restartedMain] o.a.c.c.C.[Tomcat].[localhost].[/]       : Initializing Spring embedded WebApplicationContext
2022-10-29 06:57:30.691  INFO 10684 --- [restartedMain] w.s.c.ServletWebServerApplicationContext : Root WebApplicationContext: initialization completed in 1952 ms
2022-10-29 06:57:30.856  INFO 10684 --- [restartedMain] o.hibernate.jpa.internal.util.LogHelper  : HHH000204: Processing PersistenceUnitInfo [name: default]
2022-10-29 06:57:30.921  INFO 10684 --- [restartedMain] org.hibernate.Version                    : HHH000412: Hibernate ORM core version 5.6.12.Final
2022-10-29 06:57:31.137  INFO 10684 --- [restartedMain] o.hibernate.annotations.common.Version   : HCANN000001: Hibernate Commons Annotations {5.1.2.Final}
2022-10-29 06:57:31.338  INFO 10684 --- [restartedMain] com.zaxxer.hikari.HikariDataSource       : HikariPool-1 - Starting...
2022-10-29 06:57:31.803  INFO 10684 --- [restartedMain] com.zaxxer.hikari.HikariDataSource       : HikariPool-1 - Start completed.
2022-10-29 06:57:31.945  INFO 10684 --- [restartedMain] org.hibernate.dialect.Dialect            : HHH000400: Using dialect: org.hibernate.dialect.MySQL8Dialect
2022-10-29 06:57:34.285  INFO 10684 --- [restartedMain] o.h.e.t.j.p.i.JtaPlatformInitiator       : HHH000490: Using JtaPlatform implementation: [org.hibernate.engine.transaction.jta.platform.internal.NoJtaPlatform]
2022-10-29 06:57:34.355  INFO 10684 --- [restartedMain] j.LocalContainerEntityManagerFactoryBean : Initialized JPA EntityManagerFactory for persistence unit 'default'
2022-10-29 06:57:34.816  WARN 10684 --- [restartedMain] JpaBaseConfiguration$JpaWebConfiguration : spring.jpa.open-in-view is enabled by default. Therefore, database queries may be performed during view rendering. Explicitly configure spring.jpa.open-in-view to disable this warning
2022-10-29 06:57:35.310  INFO 10684 --- [restartedMain] o.s.b.d.a.OptionalLiveReloadServer       : LiveReload server is running on port 35729
2022-10-29 06:57:35.375  INFO 10684 --- [restartedMain] o.s.b.w.embedded.tomcat.TomcatWebServer  : Tomcat started on port(s): 8080 (http) with context path ''
2022-10-29 06:57:35.389  INFO 10684 --- [restartedMain] c.payroll.employee.EmployeeApplication   : Started EmployeeApplication in 7.274 seconds (JVM running for 8.352)
2022-10-29 06:57:35.394  INFO 10684 --- [restartedMain] c.payroll.employee.EmployeeApplication   : Project started..
2022-10-29 06:57:48.822  INFO 10684 --- [RMI TCP Connection(2)-127.0.0.1] inMXBeanRegistrar$SpringApplicationAdmin : Application shutdown requested.
2022-10-29 06:57:48.838  INFO 10684 --- [RMI TCP Connection(2)-127.0.0.1] o.apache.catalina.core.StandardService   : Stopping service [Tomcat]
2022-10-29 06:57:48.849  INFO 10684 --- [RMI TCP Connection(2)-127.0.0.1] j.LocalContainerEntityManagerFactoryBean : Closing JPA EntityManagerFactory for persistence unit 'default'
2022-10-29 06:57:48.853  INFO 10684 --- [RMI TCP Connection(2)-127.0.0.1] com.zaxxer.hikari.HikariDataSource       : HikariPool-1 - Shutdown initiated...
2022-10-29 06:57:48.924  INFO 10684 --- [RMI TCP Connection(2)-127.0.0.1] com.zaxxer.hikari.HikariDataSource       : HikariPool-1 - Shutdown completed.
